[16:34:35.827] Global cache location '/home/depps/.cache/typescript/4.1', safe file path '/home/depps/.emacs.d/.local/etc/lsp/npm/typescript/lib/node_modules/typescript/lib/typingSafeList.json', types map path /home/depps/.emacs.d/.local/etc/lsp/npm/typescript/lib/node_modules/typescript/lib/typesMap.json
[16:34:35.828] Processing cache location '/home/depps/.cache/typescript/4.1'
[16:34:35.830] Trying to find '/home/depps/.cache/typescript/4.1/package.json'...
[16:34:35.832] Loaded content of '/home/depps/.cache/typescript/4.1/package.json': {"private":true,"dependencies":{"types-registry":"^0.1.527"},"devDependencies":{"@types/dat.gui":"^0.7.6","@types/defined":"^1.0.0","@types/eslint":"^7.2.6","@types/eslint-config-prettier":"^6.11.0","@types/p5":"^0.9.1","@types/prettier":"^2.1.5","@types/seed-random":"^2.2.0","@types/sprintf":"^0.1.0"}}
[16:34:35.832] Loaded content of '/home/depps/.cache/typescript/4.1/package-lock.json'
[16:34:35.850] Adding entry into typings cache: 'dat.gui' => '/home/depps/.cache/typescript/4.1/node_modules/@types/dat.gui/index.d.ts'
[16:34:35.856] Adding entry into typings cache: 'defined' => '/home/depps/.cache/typescript/4.1/node_modules/@types/defined/index.d.ts'
[16:34:35.861] Adding entry into typings cache: 'eslint' => '/home/depps/.cache/typescript/4.1/node_modules/@types/eslint/index.d.ts'
[16:34:35.865] Adding entry into typings cache: 'eslint-config-prettier' => '/home/depps/.cache/typescript/4.1/node_modules/@types/eslint-config-prettier/index.d.ts'
[16:34:35.870] Adding entry into typings cache: 'p5' => '/home/depps/.cache/typescript/4.1/node_modules/@types/p5/index.d.ts'
[16:34:35.876] Adding entry into typings cache: 'prettier' => '/home/depps/.cache/typescript/4.1/node_modules/@types/prettier/index.d.ts'
[16:34:35.878] Adding entry into typings cache: 'seed-random' => '/home/depps/.cache/typescript/4.1/node_modules/@types/seed-random/index.d.ts'
[16:34:35.881] Adding entry into typings cache: 'sprintf' => '/home/depps/.cache/typescript/4.1/node_modules/@types/sprintf/index.d.ts'
[16:34:35.881] Finished processing cache location '/home/depps/.cache/typescript/4.1'
[16:34:35.882] Process id: 97694
[16:34:35.882] NPM location: /usr/bin/npm (explicit '--npmLocation' not  provided)
[16:34:35.882] validateDefaultNpmLocation: false
[16:34:35.882] Npm config file: /home/depps/.cache/typescript/4.1/package.json
[16:34:35.882] Updating types-registry npm package...
[16:34:35.882] Exec: /usr/bin/npm install --ignore-scripts types-registry@latest
[16:34:37.133]     Succeeded. stdout:
    
    up to date, audited 12 packages in 1s

found 0 vulnerabilities

[16:34:37.133] Updated types-registry npm package
[16:34:38.855] Got install request {"projectName":"/dev/null/inferredProject1*","fileNames":["/home/depps/.emacs.d/.local/etc/lsp/npm/typescript/lib/node_modules/typescript/lib/lib.d.ts","/home/depps/.emacs.d/.local/etc/lsp/npm/typescript/lib/node_modules/typescript/lib/lib.es5.d.ts","/home/depps/.emacs.d/.local/etc/lsp/npm/typescript/lib/node_modules/typescript/lib/lib.dom.d.ts","/home/depps/.emacs.d/.local/etc/lsp/npm/typescript/lib/node_modules/typescript/lib/lib.webworker.importscripts.d.ts","/home/depps/.emacs.d/.local/etc/lsp/npm/typescript/lib/node_modules/typescript/lib/lib.scripthost.d.ts","/home/depps/Documents/Kode/Three_Journey/src/ch_01/sketch_01.js"],"compilerOptions":{"target":1,"jsx":1,"allowNonTsExtensions":true,"allowJs":true,"noEmitForJsFiles":true,"maxNodeModuleJsDepth":2},"typeAcquisition":{"enable":true,"include":[],"exclude":[]},"unresolvedImports":[],"projectRootPath":"/home/depps/Documents/Kode/Three_Journey/src/ch_01","kind":"discover"}
[16:34:38.900] Loaded safelist from types map file '/home/depps/.emacs.d/.local/etc/lsp/npm/typescript/lib/node_modules/typescript/lib/typesMap.json'
[16:34:38.903] Explicitly included types: []
[16:34:38.905] Inferred typings from unresolved imports: []
[16:34:38.905] Result: {"cachedTypingPaths":[],"newTypingNames":[],"filesToWatch":["/home/depps/Documents/Kode/Three_Journey/src/ch_01/bower_components","/home/depps/Documents/Kode/Three_Journey/src/ch_01/node_modules"]}
[16:34:38.905] Finished typings discovery: {"cachedTypingPaths":[],"newTypingNames":[],"filesToWatch":["/home/depps/Documents/Kode/Three_Journey/src/ch_01/bower_components","/home/depps/Documents/Kode/Three_Journey/src/ch_01/node_modules"]}
[16:34:38.906] DirectoryWatcher:: Added:: WatchInfo: /home/depps/Documents/Kode/Three_Journey/src/ch_01/bower_components
[16:34:38.910] DirectoryWatcher:: Added:: WatchInfo: /home/depps/Documents/Kode/Three_Journey/src/ch_01/node_modules
[16:34:38.911] Sending response:
    {"projectName":"/dev/null/inferredProject1*","typeAcquisition":{"enable":true,"include":[],"exclude":[]},"compilerOptions":{"target":1,"jsx":1,"allowNonTsExtensions":true,"allowJs":true,"noEmitForJsFiles":true,"maxNodeModuleJsDepth":2},"typings":[],"unresolvedImports":[],"kind":"action::set"}
[16:34:38.912] Response has been sent.
[16:34:38.912] No new typings were requested as a result of typings discovery
[16:35:34.651] Got install request {"projectName":"/dev/null/inferredProject1*","fileNames":["/home/depps/.emacs.d/.local/etc/lsp/npm/typescript/lib/node_modules/typescript/lib/lib.d.ts","/home/depps/.emacs.d/.local/etc/lsp/npm/typescript/lib/node_modules/typescript/lib/lib.es5.d.ts","/home/depps/.emacs.d/.local/etc/lsp/npm/typescript/lib/node_modules/typescript/lib/lib.dom.d.ts","/home/depps/.emacs.d/.local/etc/lsp/npm/typescript/lib/node_modules/typescript/lib/lib.webworker.importscripts.d.ts","/home/depps/.emacs.d/.local/etc/lsp/npm/typescript/lib/node_modules/typescript/lib/lib.scripthost.d.ts","/home/depps/Documents/Kode/Three_Journey/src/ch_01/sketch_01.js"],"compilerOptions":{"target":1,"jsx":1,"allowNonTsExtensions":true,"allowJs":true,"noEmitForJsFiles":true,"maxNodeModuleJsDepth":2},"typeAcquisition":{"enable":true,"include":[],"exclude":[]},"unresolvedImports":[],"projectRootPath":"/home/depps/Documents/Kode/Three_Journey/src/ch_01","kind":"discover"}
[16:35:34.652] Explicitly included types: []
[16:35:34.652] Inferred typings from unresolved imports: []
[16:35:34.653] Result: {"cachedTypingPaths":[],"newTypingNames":[],"filesToWatch":["/home/depps/Documents/Kode/Three_Journey/src/ch_01/bower_components","/home/depps/Documents/Kode/Three_Journey/src/ch_01/node_modules"]}
[16:35:34.653] Finished typings discovery: {"cachedTypingPaths":[],"newTypingNames":[],"filesToWatch":["/home/depps/Documents/Kode/Three_Journey/src/ch_01/bower_components","/home/depps/Documents/Kode/Three_Journey/src/ch_01/node_modules"]}
[16:35:34.653] Sending response:
    {"projectName":"/dev/null/inferredProject1*","typeAcquisition":{"enable":true,"include":[],"exclude":[]},"compilerOptions":{"target":1,"jsx":1,"allowNonTsExtensions":true,"allowJs":true,"noEmitForJsFiles":true,"maxNodeModuleJsDepth":2},"typings":[],"unresolvedImports":[],"kind":"action::set"}
[16:35:34.653] Response has been sent.
[16:35:34.653] No new typings were requested as a result of typings discovery
